beagle.16May19.351.jar (version 5.0)
Copyright (C) 2014-2018 Brian L. Browning
Enter "java -jar beagle.16May19.351.jar" to list command line argument
Start time: 05:33 PM CDT on 25 Jun 2019

Command line: java -Xmx29127m -jar beagle.16May19.351.jar
  gt=./chr/All_samples_Exome_QC.clean.chr15.vcf.gz
  ref=/gpfs/home/guosa/hpc/db/hg19/beagle/EUR/chr15.1kg.phase3.v5a.EUR.vcf.gz
  map=/gpfs/home/guosa/hpc/db/hg19/beagle/plink.chr15.GRCh37.map
  out=./chr/All_samples_Exome_QC.chr15.vcf

Reference samples:         503
Study samples:             256

Window 1 (15:20000041-32908435)
Reference markers:     127,978
Study markers:           6,257

Burnin  iteration 1:           14 seconds
Burnin  iteration 2:           14 seconds
Burnin  iteration 3:           17 seconds
Burnin  iteration 4:           19 seconds
Burnin  iteration 5:           19 seconds
Burnin  iteration 6:           17 seconds

