beagle.16May19.351.jar (version 5.0)
Copyright (C) 2014-2018 Brian L. Browning
Enter "java -jar beagle.16May19.351.jar" to list command line argument
Start time: 05:33 PM CDT on 25 Jun 2019

Command line: java -Xmx29127m -jar beagle.16May19.351.jar
  gt=./chr/All_samples_Exome_QC.clean.chr21.vcf.gz
  ref=/gpfs/home/guosa/hpc/db/hg19/beagle/EUR/chr21.1kg.phase3.v5a.EUR.vcf.gz
  map=/gpfs/home/guosa/hpc/db/hg19/beagle/plink.chr21.GRCh37.map
  out=./chr/All_samples_Exome_QC.chr21.vcf

Reference samples:         503
Study samples:             256

Window 1 (21:9411302-36279593)
Reference markers:     276,406
Study markers:          15,671

Burnin  iteration 1:           41 seconds
Burnin  iteration 2:           35 seconds
Burnin  iteration 3:           44 seconds
Burnin  iteration 4:           37 seconds
Burnin  iteration 5:           46 seconds
Burnin  iteration 6:           45 seconds

Phasing iteration 1:           34 seconds
Phasing iteration 2:           35 seconds
Phasing iteration 3:           28 seconds
Phasing iteration 4:           3 minutes 10 seconds
Phasing iteration 5:           24 seconds
Phasing iteration 6:           29 seconds
Phasing iteration 7:           27 seconds
Phasing iteration 8:           1 minute 1 second
Phasing iteration 9:           14 seconds
Phasing iteration 10:          15 seconds
Phasing iteration 11:          18 seconds
Phasing iteration 12:          21 seconds

Imputation time:               6 minutes 17 seconds

Window 2 (21:33670395-48119700)
Reference markers:     179,559
Study markers:          13,842

Burnin  iteration 1:           21 seconds
Burnin  iteration 2:           18 seconds
Burnin  iteration 3:           15 seconds
Burnin  iteration 4:           12 seconds
Burnin  iteration 5:           13 seconds
Burnin  iteration 6:           17 seconds

Phasing iteration 1:           12 seconds
Phasing iteration 2:           1 minute 30 seconds
Phasing iteration 3:           14 seconds
Phasing iteration 4:           25 seconds
Phasing iteration 5:           1 minute 6 seconds
Phasing iteration 6:           11 seconds
Phasing iteration 7:           9 seconds
Phasing iteration 8:           8 seconds
Phasing iteration 9:           6 seconds
Phasing iteration 10:          6 seconds
Phasing iteration 11:          7 seconds
Phasing iteration 12:          10 seconds

Imputation time:               3 minutes 30 seconds

Cumulative Statistics:

Reference markers:     427,409
Study markers:          27,346

Haplotype phasing time:        18 minutes 25 seconds
Imputation time:               3 minutes 30 seconds
Total time:                    28 minutes 46 seconds

End time: 06:02 PM CDT on 25 Jun 2019
beagle.16May19.351.jar finished
