beagle.16May19.351.jar (version 5.0)
Copyright (C) 2014-2018 Brian L. Browning
Enter "java -jar beagle.16May19.351.jar" to list command line argument
Start time: 10:15 PM CDT on 13 Jun 2019

Command line: java -Xmx29127m -jar beagle.16May19.351.jar
  gt=All_samples_Exome_QC.temp.vcf.recode.clean.chr1.vcf.recode.vcf
  ref=/home/guosa/hpc/db/hg19/beagle/EUR/chr1.1kg.phase3.v5a.EUR.vcf.gz
  map=/home/guosa/hpc/db/hg19/beagle/plink.chr1.GRCh37.map
  out=All_samples_Exome_QC.chr1.vcf

Reference samples:         503
Study samples:             256

Window 1 (1:10177-18869684)
Reference markers:     225,306
Study markers:          12,722

Burnin  iteration 1:           5 seconds
Burnin  iteration 2:           2 seconds
Burnin  iteration 3:           3 seconds
Burnin  iteration 4:           2 seconds
Burnin  iteration 5:           3 seconds
Burnin  iteration 6:           2 seconds

Phasing iteration 1:           2 seconds
Phasing iteration 2:           2 seconds
Phasing iteration 3:           2 seconds
Phasing iteration 4:           2 seconds
Phasing iteration 5:           2 seconds
Phasing iteration 6:           2 seconds
Phasing iteration 7:           2 seconds
Phasing iteration 8:           2 seconds
Phasing iteration 9:           2 seconds
Phasing iteration 10:          2 seconds
Phasing iteration 11:          2 seconds
Phasing iteration 12:          2 seconds

Imputation time:               18 seconds

Window 2 (1:17497855-49068906)
Reference markers:     329,973
Study markers:          18,373

Burnin  iteration 1:           3 seconds
Burnin  iteration 2:           3 seconds
Burnin  iteration 3:           3 seconds
Burnin  iteration 4:           3 seconds
Burnin  iteration 5:           4 seconds
Burnin  iteration 6:           4 seconds

Phasing iteration 1:           3 seconds
Phasing iteration 2:           3 seconds
Phasing iteration 3:           2 seconds
Phasing iteration 4:           3 seconds
Phasing iteration 5:           2 seconds
Phasing iteration 6:           3 seconds
Phasing iteration 7:           3 seconds
Phasing iteration 8:           2 seconds
Phasing iteration 9:           3 seconds
Phasing iteration 10:          2 seconds
Phasing iteration 11:          2 seconds
Phasing iteration 12:          2 seconds

Imputation time:               13 seconds

Window 3 (1:43700525-83831338)
Reference markers:     418,723
Study markers:          21,177

Burnin  iteration 1:           4 seconds
Burnin  iteration 2:           3 seconds
Burnin  iteration 3:           3 seconds
Burnin  iteration 4:           3 seconds
Burnin  iteration 5:           4 seconds
Burnin  iteration 6:           4 seconds

Phasing iteration 1:           3 seconds
Phasing iteration 2:           3 seconds
Phasing iteration 3:           3 seconds
Phasing iteration 4:           3 seconds
Phasing iteration 5:           3 seconds
Phasing iteration 6:           3 seconds
Phasing iteration 7:           3 seconds
Phasing iteration 8:           3 seconds
Phasing iteration 9:           3 seconds
Phasing iteration 10:          3 seconds
Phasing iteration 11:          3 seconds
Phasing iteration 12:          3 seconds

Imputation time:               16 seconds

Window 4 (1:80340226-117570129)
Reference markers:     396,362
Study markers:          19,857

Burnin  iteration 1:           4 seconds
Burnin  iteration 2:           3 seconds
Burnin  iteration 3:           3 seconds
Burnin  iteration 4:           3 seconds
Burnin  iteration 5:           4 seconds
Burnin  iteration 6:           4 seconds

Phasing iteration 1:           3 seconds
Phasing iteration 2:           3 seconds
Phasing iteration 3:           3 seconds
Phasing iteration 4:           3 seconds
Phasing iteration 5:           3 seconds
Phasing iteration 6:           3 seconds
Phasing iteration 7:           3 seconds
Phasing iteration 8:           3 seconds
Phasing iteration 9:           3 seconds
Phasing iteration 10:          3 seconds
Phasing iteration 11:          2 seconds
Phasing iteration 12:          3 seconds

Imputation time:               12 seconds

Window 5 (1:114554672-167643413)
Reference markers:     297,254
Study markers:          14,725

Burnin  iteration 1:           3 seconds
Burnin  iteration 2:           2 seconds
Burnin  iteration 3:           2 seconds
Burnin  iteration 4:           2 seconds
Burnin  iteration 5:           3 seconds
Burnin  iteration 6:           3 seconds

Phasing iteration 1:           2 seconds
Phasing iteration 2:           2 seconds
Phasing iteration 3:           2 seconds
Phasing iteration 4:           2 seconds
Phasing iteration 5:           2 seconds
Phasing iteration 6:           2 seconds
Phasing iteration 7:           2 seconds
Phasing iteration 8:           2 seconds
Phasing iteration 9:           2 seconds
Phasing iteration 10:          2 seconds
Phasing iteration 11:          2 seconds
Phasing iteration 12:          2 seconds

Imputation time:               14 seconds

Window 6 (1:165098287-205458699)
Reference markers:     438,644
Study markers:          21,571

Burnin  iteration 1:           3 seconds
Burnin  iteration 2:           3 seconds
Burnin  iteration 3:           3 seconds
Burnin  iteration 4:           3 seconds
Burnin  iteration 5:           4 seconds
Burnin  iteration 6:           4 seconds

Phasing iteration 1:           3 seconds
Phasing iteration 2:           3 seconds
Phasing iteration 3:           3 seconds
Phasing iteration 4:           3 seconds
Phasing iteration 5:           3 seconds
Phasing iteration 6:           3 seconds
Phasing iteration 7:           3 seconds
Phasing iteration 8:           3 seconds
Phasing iteration 9:           3 seconds
Phasing iteration 10:          3 seconds
Phasing iteration 11:          3 seconds
Phasing iteration 12:          3 seconds

Imputation time:               13 seconds

Window 7 (1:203334862-234874762)
Reference markers:     343,709
Study markers:          19,604

Burnin  iteration 1:           3 seconds
Burnin  iteration 2:           3 seconds
Burnin  iteration 3:           3 seconds
Burnin  iteration 4:           3 seconds
Burnin  iteration 5:           4 seconds
Burnin  iteration 6:           4 seconds

Phasing iteration 1:           3 seconds
Phasing iteration 2:           3 seconds
Phasing iteration 3:           3 seconds
Phasing iteration 4:           3 seconds
Phasing iteration 5:           3 seconds
Phasing iteration 6:           3 seconds
Phasing iteration 7:           3 seconds
Phasing iteration 8:           3 seconds
Phasing iteration 9:           3 seconds
Phasing iteration 10:          3 seconds
Phasing iteration 11:          2 seconds
Phasing iteration 12:          2 seconds

Imputation time:               12 seconds

Window 8 (1:232987340-249240543)
Reference markers:     200,193
Study markers:          11,323

Burnin  iteration 1:           2 seconds
Burnin  iteration 2:           2 seconds
Burnin  iteration 3:           2 seconds
Burnin  iteration 4:           2 seconds
Burnin  iteration 5:           2 seconds
Burnin  iteration 6:           2 seconds

Phasing iteration 1:           2 seconds
Phasing iteration 2:           2 seconds
Phasing iteration 3:           2 seconds
Phasing iteration 4:           2 seconds
Phasing iteration 5:           1 second
Phasing iteration 6:           2 seconds
Phasing iteration 7:           2 seconds
Phasing iteration 8:           1 second
Phasing iteration 9:           1 second
Phasing iteration 10:          1 second
Phasing iteration 11:          1 second
Phasing iteration 12:          1 second

Imputation time:               11 seconds

Cumulative Statistics:

Reference markers:   2,428,653
Study markers:         126,941

Haplotype phasing time:        6 minutes 9 seconds
Imputation time:               11 seconds
Total time:                    8 minutes 14 seconds

End time: 10:23 PM CDT on 13 Jun 2019
beagle.16May19.351.jar finished
