beagle.16May19.351.jar (version 5.0)
Copyright (C) 2014-2018 Brian L. Browning
Enter "java -jar beagle.16May19.351.jar" to list command line argument
Start time: 11:47 PM CDT on 13 Jun 2019

Command line: java -Xmx29127m -jar beagle.16May19.351.jar
  gt=All_samples_Exome_QC.temp.vcf.recode.clean.chr17.vcf.recode.vcf
  ref=/home/guosa/hpc/db/hg19/beagle/EUR/chr17.1kg.phase3.v5a.EUR.vcf.gz
  map=/home/guosa/hpc/db/hg19/beagle/plink.chr17.GRCh37.map
  out=All_samples_Exome_QC.chr17.vcf

Reference samples:         503
Study samples:             256

Window 1 (17:78-14996214)
Reference markers:     192,666
Study markers:          11,848

Burnin  iteration 1:           5 seconds
Burnin  iteration 2:           3 seconds
Burnin  iteration 3:           2 seconds
Burnin  iteration 4:           2 seconds
Burnin  iteration 5:           3 seconds
Burnin  iteration 6:           2 seconds

Phasing iteration 1:           2 seconds
Phasing iteration 2:           2 seconds
Phasing iteration 3:           2 seconds
Phasing iteration 4:           2 seconds
Phasing iteration 5:           2 seconds
Phasing iteration 6:           2 seconds
Phasing iteration 7:           2 seconds
Phasing iteration 8:           2 seconds
Phasing iteration 9:           2 seconds
Phasing iteration 10:          1 second
Phasing iteration 11:          1 second
Phasing iteration 12:          1 second

Imputation time:               15 seconds

Window 2 (17:13741480-53274032)
Reference markers:     370,769
Study markers:          17,281

Burnin  iteration 1:           3 seconds
Burnin  iteration 2:           3 seconds
Burnin  iteration 3:           3 seconds
Burnin  iteration 4:           2 seconds
Burnin  iteration 5:           3 seconds
Burnin  iteration 6:           3 seconds

Phasing iteration 1:           3 seconds
Phasing iteration 2:           2 seconds
Phasing iteration 3:           3 seconds
Phasing iteration 4:           2 seconds
Phasing iteration 5:           2 seconds
Phasing iteration 6:           2 seconds
Phasing iteration 7:           2 seconds
Phasing iteration 8:           3 seconds
Phasing iteration 9:           2 seconds
Phasing iteration 10:          2 seconds
Phasing iteration 11:          2 seconds
Phasing iteration 12:          2 seconds

Imputation time:               15 seconds

Window 3 (17:48621542-75218066)
Reference markers:     286,198
Study markers:          15,515

Burnin  iteration 1:           2 seconds
Burnin  iteration 2:           2 seconds
Burnin  iteration 3:           2 seconds
Burnin  iteration 4:           2 seconds
Burnin  iteration 5:           3 seconds
Burnin  iteration 6:           3 seconds

Phasing iteration 1:           2 seconds
Phasing iteration 2:           2 seconds
Phasing iteration 3:           2 seconds
Phasing iteration 4:           2 seconds
Phasing iteration 5:           2 seconds
Phasing iteration 6:           2 seconds
Phasing iteration 7:           2 seconds
Phasing iteration 8:           2 seconds
Phasing iteration 9:           2 seconds
Phasing iteration 10:          2 seconds
Phasing iteration 11:          2 seconds
Phasing iteration 12:          2 seconds

Imputation time:               12 seconds

Window 4 (17:72786748-81193095)
Reference markers:     111,695
Study markers:           7,240

Burnin  iteration 1:           1 second
Burnin  iteration 2:           1 second
Burnin  iteration 3:           1 second
Burnin  iteration 4:           1 second
Burnin  iteration 5:           1 second
Burnin  iteration 6:           1 second

Phasing iteration 1:           1 second
Phasing iteration 2:           1 second
Phasing iteration 3:           1 second
Phasing iteration 4:           1 second
Phasing iteration 5:           1 second
Phasing iteration 6:           1 second
Phasing iteration 7:           1 second
Phasing iteration 8:           1 second
Phasing iteration 9:           1 second
Phasing iteration 10:          1 second
Phasing iteration 11:          1 second
Phasing iteration 12:          1 second

Imputation time:               7 seconds

Cumulative Statistics:

Reference markers:     864,311
Study markers:          46,714

Haplotype phasing time:        2 minutes 22 seconds
Imputation time:               7 seconds
Total time:                    3 minutes 18 seconds

End time: 11:50 PM CDT on 13 Jun 2019
beagle.16May19.351.jar finished
