beagle.16May19.351.jar (version 5.0)
Copyright (C) 2014-2018 Brian L. Browning
Enter "java -jar beagle.16May19.351.jar" to list command line argument
Start time: 11:50 PM CDT on 13 Jun 2019

Command line: java -Xmx29127m -jar beagle.16May19.351.jar
  gt=All_samples_Exome_QC.temp.vcf.recode.clean.chr18.vcf.recode.vcf
  ref=/home/guosa/hpc/db/hg19/beagle/EUR/chr18.1kg.phase3.v5a.EUR.vcf.gz
  map=/home/guosa/hpc/db/hg19/beagle/plink.chr18.GRCh37.map
  out=All_samples_Exome_QC.chr18.vcf

Reference samples:         503
Study samples:             256

Window 1 (18:10644-15185074)
Reference markers:     192,586
Study markers:          11,086

Burnin  iteration 1:           5 seconds
Burnin  iteration 2:           2 seconds
Burnin  iteration 3:           2 seconds
Burnin  iteration 4:           2 seconds
Burnin  iteration 5:           2 seconds
Burnin  iteration 6:           2 seconds

Phasing iteration 1:           2 seconds
Phasing iteration 2:           2 seconds
Phasing iteration 3:           2 seconds
Phasing iteration 4:           2 seconds
Phasing iteration 5:           2 seconds
Phasing iteration 6:           2 seconds
Phasing iteration 7:           2 seconds
Phasing iteration 8:           2 seconds
Phasing iteration 9:           2 seconds
Phasing iteration 10:          1 second
Phasing iteration 11:          1 second
Phasing iteration 12:          1 second

Imputation time:               16 seconds

Window 2 (18:11925485-55786131)
Reference markers:     436,830
Study markers:          21,208

Burnin  iteration 1:           3 seconds
Burnin  iteration 2:           3 seconds
Burnin  iteration 3:           3 seconds
Burnin  iteration 4:           3 seconds
Burnin  iteration 5:           4 seconds
Burnin  iteration 6:           4 seconds

Phasing iteration 1:           3 seconds
Phasing iteration 2:           3 seconds
Phasing iteration 3:           3 seconds
Phasing iteration 4:           3 seconds
Phasing iteration 5:           3 seconds
Phasing iteration 6:           3 seconds
Phasing iteration 7:           3 seconds
Phasing iteration 8:           3 seconds
Phasing iteration 9:           3 seconds
Phasing iteration 10:          3 seconds
Phasing iteration 11:          3 seconds
Phasing iteration 12:          3 seconds

Imputation time:               14 seconds

Window 3 (18:51981216-75118018)
Reference markers:     273,443
Study markers:          15,863

Burnin  iteration 1:           2 seconds
Burnin  iteration 2:           2 seconds
Burnin  iteration 3:           2 seconds
Burnin  iteration 4:           2 seconds
Burnin  iteration 5:           3 seconds
Burnin  iteration 6:           3 seconds

Phasing iteration 1:           2 seconds
Phasing iteration 2:           2 seconds
Phasing iteration 3:           2 seconds
Phasing iteration 4:           2 seconds
Phasing iteration 5:           2 seconds
Phasing iteration 6:           2 seconds
Phasing iteration 7:           2 seconds
Phasing iteration 8:           2 seconds
Phasing iteration 9:           2 seconds
Phasing iteration 10:          2 seconds
Phasing iteration 11:          2 seconds
Phasing iteration 12:          2 seconds

Imputation time:               12 seconds

Window 4 (18:74064965-78017156)
Reference markers:      55,892
Study markers:           3,592

Burnin  iteration 1:           0 seconds
Burnin  iteration 2:           1 second
Burnin  iteration 3:           1 second
Burnin  iteration 4:           1 second
Burnin  iteration 5:           1 second
Burnin  iteration 6:           1 second

Phasing iteration 1:           1 second
Phasing iteration 2:           0 seconds
Phasing iteration 3:           0 seconds
Phasing iteration 4:           0 seconds
Phasing iteration 5:           0 seconds
Phasing iteration 6:           0 seconds
Phasing iteration 7:           0 seconds
Phasing iteration 8:           0 seconds
Phasing iteration 9:           0 seconds
Phasing iteration 10:          0 seconds
Phasing iteration 11:          0 seconds
Phasing iteration 12:          0 seconds

Imputation time:               2 seconds

Cumulative Statistics:

Reference markers:     864,327
Study markers:          46,980

Haplotype phasing time:        2 minutes 22 seconds
Imputation time:               2 seconds
Total time:                    3 minutes 14 seconds

End time: 11:53 PM CDT on 13 Jun 2019
beagle.16May19.351.jar finished
