beagle.16May19.351.jar (version 5.0)
Copyright (C) 2014-2018 Brian L. Browning
Enter "java -jar beagle.16May19.351.jar" to list command line argument
Start time: 11:53 PM CDT on 13 Jun 2019

Command line: java -Xmx29127m -jar beagle.16May19.351.jar
  gt=All_samples_Exome_QC.temp.vcf.recode.clean.chr19.vcf.recode.vcf
  ref=/home/guosa/hpc/db/hg19/beagle/EUR/chr19.1kg.phase3.v5a.EUR.vcf.gz
  map=/home/guosa/hpc/db/hg19/beagle/plink.chr19.GRCh37.map
  out=All_samples_Exome_QC.chr19.vcf

Reference samples:         503
Study samples:             256

Window 1 (19:62935-16185419)
Reference markers:     208,487
Study markers:          10,954

Burnin  iteration 1:           5 seconds
Burnin  iteration 2:           3 seconds
Burnin  iteration 3:           2 seconds
Burnin  iteration 4:           2 seconds
Burnin  iteration 5:           2 seconds
Burnin  iteration 6:           3 seconds

Phasing iteration 1:           2 seconds
Phasing iteration 2:           2 seconds
Phasing iteration 3:           2 seconds
Phasing iteration 4:           1 second
Phasing iteration 5:           2 seconds
Phasing iteration 6:           1 second
Phasing iteration 7:           1 second
Phasing iteration 8:           1 second
Phasing iteration 9:           1 second
Phasing iteration 10:          1 second
Phasing iteration 11:          2 seconds
Phasing iteration 12:          1 second

Imputation time:               16 seconds

Window 2 (19:14114513-47792041)
Reference markers:     368,863
Study markers:          16,924

Burnin  iteration 1:           3 seconds
Burnin  iteration 2:           2 seconds
Burnin  iteration 3:           3 seconds
Burnin  iteration 4:           2 seconds
Burnin  iteration 5:           3 seconds
Burnin  iteration 6:           3 seconds

Phasing iteration 1:           2 seconds
Phasing iteration 2:           3 seconds
Phasing iteration 3:           2 seconds
Phasing iteration 4:           2 seconds
Phasing iteration 5:           2 seconds
Phasing iteration 6:           2 seconds
Phasing iteration 7:           2 seconds
Phasing iteration 8:           2 seconds
Phasing iteration 9:           2 seconds
Phasing iteration 10:          2 seconds
Phasing iteration 11:          2 seconds
Phasing iteration 12:          2 seconds

Imputation time:               14 seconds

Window 3 (19:45656069-59118924)
Reference markers:     180,122
Study markers:          10,777

Burnin  iteration 1:           2 seconds
Burnin  iteration 2:           2 seconds
Burnin  iteration 3:           2 seconds
Burnin  iteration 4:           2 seconds
Burnin  iteration 5:           2 seconds
Burnin  iteration 6:           2 seconds

Phasing iteration 1:           2 seconds
Phasing iteration 2:           2 seconds
Phasing iteration 3:           2 seconds
Phasing iteration 4:           2 seconds
Phasing iteration 5:           1 second
Phasing iteration 6:           1 second
Phasing iteration 7:           2 seconds
Phasing iteration 8:           1 second
Phasing iteration 9:           1 second
Phasing iteration 10:          1 second
Phasing iteration 11:          1 second
Phasing iteration 12:          1 second

Imputation time:               10 seconds

Cumulative Statistics:

Reference markers:     706,126
Study markers:          35,940

Haplotype phasing time:        1 minute 47 seconds
Imputation time:               10 seconds
Total time:                    2 minutes 33 seconds

End time: 11:56 PM CDT on 13 Jun 2019
beagle.16May19.351.jar finished
