beagle.16May19.351.jar (version 5.0)
Copyright (C) 2014-2018 Brian L. Browning
Enter "java -jar beagle.16May19.351.jar" to list command line argument
Start time: 12:00 AM CDT on 14 Jun 2019

Command line: java -Xmx29127m -jar beagle.16May19.351.jar
  gt=All_samples_Exome_QC.temp.vcf.recode.clean.chr22.vcf.recode.vcf
  ref=/home/guosa/hpc/db/hg19/beagle/EUR/chr22.1kg.phase3.v5a.EUR.vcf.gz
  map=/home/guosa/hpc/db/hg19/beagle/plink.chr22.GRCh37.map
  out=All_samples_Exome_QC.chr22.vcf

Reference samples:         503
Study samples:             256

Window 1 (22:16050115-35139740)
Reference markers:     217,329
Study markers:          11,295

Burnin  iteration 1:           3 seconds
Burnin  iteration 2:           3 seconds
Burnin  iteration 3:           2 seconds
Burnin  iteration 4:           2 seconds
Burnin  iteration 5:           3 seconds
Burnin  iteration 6:           2 seconds

Phasing iteration 1:           2 seconds
Phasing iteration 2:           2 seconds
Phasing iteration 3:           2 seconds
Phasing iteration 4:           2 seconds
Phasing iteration 5:           2 seconds
Phasing iteration 6:           2 seconds
Phasing iteration 7:           2 seconds
Phasing iteration 8:           2 seconds
Phasing iteration 9:           1 second
Phasing iteration 10:          2 seconds
Phasing iteration 11:          1 second
Phasing iteration 12:          1 second

Imputation time:               22 seconds

Window 2 (22:32829094-51244237)
Reference markers:     235,479
Study markers:          14,828

Burnin  iteration 1:           2 seconds
Burnin  iteration 2:           2 seconds
Burnin  iteration 3:           2 seconds
Burnin  iteration 4:           2 seconds
Burnin  iteration 5:           3 seconds
Burnin  iteration 6:           3 seconds

Phasing iteration 1:           2 seconds
Phasing iteration 2:           2 seconds
Phasing iteration 3:           2 seconds
Phasing iteration 4:           2 seconds
Phasing iteration 5:           2 seconds
Phasing iteration 6:           2 seconds
Phasing iteration 7:           2 seconds
Phasing iteration 8:           2 seconds
Phasing iteration 9:           2 seconds
Phasing iteration 10:          2 seconds
Phasing iteration 11:          2 seconds
Phasing iteration 12:          2 seconds

Imputation time:               13 seconds

Cumulative Statistics:

Reference markers:     424,147
Study markers:          24,243

Haplotype phasing time:        1 minute 11 seconds
Imputation time:               13 seconds
Total time:                    1 minute 52 seconds

End time: 12:02 AM CDT on 14 Jun 2019
beagle.16May19.351.jar finished
