beagle.16May19.351.jar (version 5.0)
Copyright (C) 2014-2018 Brian L. Browning
Enter "java -jar beagle.16May19.351.jar" to list command line argument
Start time: 11:36 PM CDT on 13 Jun 2019

Command line: java -Xmx29127m -jar beagle.16May19.351.jar
  gt=All_samples_Exome_QC.temp.vcf.recode.clean.chr14.vcf.recode.vcf
  ref=/home/guosa/hpc/db/hg19/beagle/EUR/chr14.1kg.phase3.v5a.EUR.vcf.gz
  map=/home/guosa/hpc/db/hg19/beagle/plink.chr14.GRCh37.map
  out=All_samples_Exome_QC.chr14.vcf

Reference samples:         503
Study samples:             256

Window 1 (14:19000059-41802997)
Reference markers:     252,083
Study markers:          12,908

Burnin  iteration 1:           5 seconds
Burnin  iteration 2:           2 seconds
Burnin  iteration 3:           2 seconds
Burnin  iteration 4:           2 seconds
Burnin  iteration 5:           3 seconds
Burnin  iteration 6:           3 seconds

Phasing iteration 1:           2 seconds
Phasing iteration 2:           2 seconds
Phasing iteration 3:           2 seconds
Phasing iteration 4:           2 seconds
Phasing iteration 5:           2 seconds
Phasing iteration 6:           2 seconds
Phasing iteration 7:           2 seconds
Phasing iteration 8:           2 seconds
Phasing iteration 9:           2 seconds
Phasing iteration 10:          2 seconds
Phasing iteration 11:          2 seconds
Phasing iteration 12:          2 seconds

Imputation time:               18 seconds

Window 2 (14:36478614-78551458)
Reference markers:     467,303
Study markers:          24,510

Burnin  iteration 1:           3 seconds
Burnin  iteration 2:           5 seconds
Burnin  iteration 3:           3 seconds
Burnin  iteration 4:           4 seconds
Burnin  iteration 5:           5 seconds
Burnin  iteration 6:           5 seconds

Phasing iteration 1:           3 seconds
Phasing iteration 2:           4 seconds
Phasing iteration 3:           3 seconds
Phasing iteration 4:           3 seconds
Phasing iteration 5:           3 seconds
Phasing iteration 6:           4 seconds
Phasing iteration 7:           3 seconds
Phasing iteration 8:           4 seconds
Phasing iteration 9:           3 seconds
Phasing iteration 10:          3 seconds
Phasing iteration 11:          3 seconds
Phasing iteration 12:          3 seconds

Imputation time:               13 seconds

Window 3 (14:75876183-101638383)
Reference markers:     300,282
Study markers:          17,885

Burnin  iteration 1:           3 seconds
Burnin  iteration 2:           3 seconds
Burnin  iteration 3:           3 seconds
Burnin  iteration 4:           3 seconds
Burnin  iteration 5:           4 seconds
Burnin  iteration 6:           4 seconds

Phasing iteration 1:           3 seconds
Phasing iteration 2:           3 seconds
Phasing iteration 3:           3 seconds
Phasing iteration 4:           3 seconds
Phasing iteration 5:           3 seconds
Phasing iteration 6:           3 seconds
Phasing iteration 7:           2 seconds
Phasing iteration 8:           3 seconds
Phasing iteration 9:           2 seconds
Phasing iteration 10:          2 seconds
Phasing iteration 11:          2 seconds
Phasing iteration 12:          2 seconds

Imputation time:               11 seconds

Window 4 (14:99751657-107289453)
Reference markers:      95,652
Study markers:           3,586

Burnin  iteration 1:           0 seconds
Burnin  iteration 2:           0 seconds
Burnin  iteration 3:           1 second
Burnin  iteration 4:           0 seconds
Burnin  iteration 5:           1 second
Burnin  iteration 6:           1 second

Phasing iteration 1:           0 seconds
Phasing iteration 2:           0 seconds
Phasing iteration 3:           0 seconds
Phasing iteration 4:           0 seconds
Phasing iteration 5:           0 seconds
Phasing iteration 6:           0 seconds
Phasing iteration 7:           0 seconds
Phasing iteration 8:           0 seconds
Phasing iteration 9:           0 seconds
Phasing iteration 10:          0 seconds
Phasing iteration 11:          0 seconds
Phasing iteration 12:          0 seconds

Imputation time:               13 seconds

Cumulative Statistics:

Reference markers:   1,002,655
Study markers:          53,147

Haplotype phasing time:        2 minutes 41 seconds
Imputation time:               13 seconds
Total time:                    3 minutes 45 seconds

End time: 11:40 PM CDT on 13 Jun 2019
beagle.16May19.351.jar finished
