beagle.16May19.351.jar (version 5.0)
Copyright (C) 2014-2018 Brian L. Browning
Enter "java -jar beagle.16May19.351.jar" to list command line argument
Start time: 11:43 PM CDT on 13 Jun 2019

Command line: java -Xmx29127m -jar beagle.16May19.351.jar
  gt=All_samples_Exome_QC.temp.vcf.recode.clean.chr16.vcf.recode.vcf
  ref=/home/guosa/hpc/db/hg19/beagle/EUR/chr16.1kg.phase3.v5a.EUR.vcf.gz
  map=/home/guosa/hpc/db/hg19/beagle/plink.chr16.GRCh37.map
  out=All_samples_Exome_QC.chr16.vcf

Reference samples:         503
Study samples:             256

Window 1 (16:60164-19244356)
Reference markers:     276,721
Study markers:          14,418

Burnin  iteration 1:           6 seconds
Burnin  iteration 2:           2 seconds
Burnin  iteration 3:           2 seconds
Burnin  iteration 4:           2 seconds
Burnin  iteration 5:           3 seconds
Burnin  iteration 6:           3 seconds

Phasing iteration 1:           2 seconds
Phasing iteration 2:           3 seconds
Phasing iteration 3:           2 seconds
Phasing iteration 4:           2 seconds
Phasing iteration 5:           2 seconds
Phasing iteration 6:           2 seconds
Phasing iteration 7:           3 seconds
Phasing iteration 8:           2 seconds
Phasing iteration 9:           2 seconds
Phasing iteration 10:          2 seconds
Phasing iteration 11:          2 seconds
Phasing iteration 12:          2 seconds

Imputation time:               17 seconds

Window 2 (16:17024548-57696735)
Reference markers:     291,891
Study markers:          14,162

Burnin  iteration 1:           2 seconds
Burnin  iteration 2:           2 seconds
Burnin  iteration 3:           2 seconds
Burnin  iteration 4:           2 seconds
Burnin  iteration 5:           3 seconds
Burnin  iteration 6:           3 seconds

Phasing iteration 1:           2 seconds
Phasing iteration 2:           2 seconds
Phasing iteration 3:           2 seconds
Phasing iteration 4:           2 seconds
Phasing iteration 5:           2 seconds
Phasing iteration 6:           2 seconds
Phasing iteration 7:           2 seconds
Phasing iteration 8:           2 seconds
Phasing iteration 9:           2 seconds
Phasing iteration 10:          2 seconds
Phasing iteration 11:          2 seconds
Phasing iteration 12:          2 seconds

Imputation time:               13 seconds

Window 3 (16:55688545-83192179)
Reference markers:     342,363
Study markers:          19,424

Burnin  iteration 1:           3 seconds
Burnin  iteration 2:           3 seconds
Burnin  iteration 3:           3 seconds
Burnin  iteration 4:           3 seconds
Burnin  iteration 5:           4 seconds
Burnin  iteration 6:           4 seconds

Phasing iteration 1:           3 seconds
Phasing iteration 2:           3 seconds
Phasing iteration 3:           3 seconds
Phasing iteration 4:           3 seconds
Phasing iteration 5:           3 seconds
Phasing iteration 6:           3 seconds
Phasing iteration 7:           3 seconds
Phasing iteration 8:           3 seconds
Phasing iteration 9:           3 seconds
Phasing iteration 10:          3 seconds
Phasing iteration 11:          2 seconds
Phasing iteration 12:          2 seconds

Imputation time:               12 seconds

Window 4 (16:81801517-90293345)
Reference markers:     150,033
Study markers:          10,153

Burnin  iteration 1:           1 second
Burnin  iteration 2:           2 seconds
Burnin  iteration 3:           1 second
Burnin  iteration 4:           1 second
Burnin  iteration 5:           2 seconds
Burnin  iteration 6:           2 seconds

Phasing iteration 1:           1 second
Phasing iteration 2:           2 seconds
Phasing iteration 3:           1 second
Phasing iteration 4:           1 second
Phasing iteration 5:           1 second
Phasing iteration 6:           1 second
Phasing iteration 7:           1 second
Phasing iteration 8:           1 second
Phasing iteration 9:           1 second
Phasing iteration 10:          1 second
Phasing iteration 11:          1 second
Phasing iteration 12:          1 second

Imputation time:               7 seconds

Cumulative Statistics:

Reference markers:     988,654
Study markers:          53,859

Haplotype phasing time:        2 minutes 37 seconds
Imputation time:               7 seconds
Total time:                    3 minutes 35 seconds

End time: 11:47 PM CDT on 13 Jun 2019
beagle.16May19.351.jar finished
