beagle.16May19.351.jar (version 5.0)
Copyright (C) 2014-2018 Brian L. Browning
Enter "java -jar beagle.16May19.351.jar" to list command line argument
Start time: 11:06 PM CDT on 13 Jun 2019

Command line: java -Xmx29127m -jar beagle.16May19.351.jar
  gt=All_samples_Exome_QC.temp.vcf.recode.clean.chr8.vcf.recode.vcf
  ref=/home/guosa/hpc/db/hg19/beagle/EUR/chr8.1kg.phase3.v5a.EUR.vcf.gz
  map=/home/guosa/hpc/db/hg19/beagle/plink.chr8.GRCh37.map
  out=All_samples_Exome_QC.chr8.vcf

Reference samples:         503
Study samples:             256

Window 1 (8:11774-18936671)
Reference markers:     347,697
Study markers:          19,240

Burnin  iteration 1:           7 seconds
Burnin  iteration 2:           4 seconds
Burnin  iteration 3:           4 seconds
Burnin  iteration 4:           3 seconds
Burnin  iteration 5:           4 seconds
Burnin  iteration 6:           4 seconds

Phasing iteration 1:           3 seconds
Phasing iteration 2:           3 seconds
Phasing iteration 3:           3 seconds
Phasing iteration 4:           3 seconds
Phasing iteration 5:           3 seconds
Phasing iteration 6:           3 seconds
Phasing iteration 7:           3 seconds
Phasing iteration 8:           3 seconds
Phasing iteration 9:           3 seconds
Phasing iteration 10:          3 seconds
Phasing iteration 11:          2 seconds
Phasing iteration 12:          2 seconds

Imputation time:               20 seconds

Window 2 (8:17054628-58488258)
Reference markers:     449,235
Study markers:          21,814

Burnin  iteration 1:           4 seconds
Burnin  iteration 2:           3 seconds
Burnin  iteration 3:           3 seconds
Burnin  iteration 4:           3 seconds
Burnin  iteration 5:           4 seconds
Burnin  iteration 6:           4 seconds

Phasing iteration 1:           3 seconds
Phasing iteration 2:           3 seconds
Phasing iteration 3:           3 seconds
Phasing iteration 4:           3 seconds
Phasing iteration 5:           3 seconds
Phasing iteration 6:           3 seconds
Phasing iteration 7:           3 seconds
Phasing iteration 8:           3 seconds
Phasing iteration 9:           3 seconds
Phasing iteration 10:          3 seconds
Phasing iteration 11:          3 seconds
Phasing iteration 12:          3 seconds

Imputation time:               14 seconds

Window 3 (8:53500321-101506019)
Reference markers:     509,242
Study markers:          23,657

Burnin  iteration 1:           4 seconds
Burnin  iteration 2:           3 seconds
Burnin  iteration 3:           3 seconds
Burnin  iteration 4:           4 seconds
Burnin  iteration 5:           5 seconds
Burnin  iteration 6:           5 seconds

Phasing iteration 1:           3 seconds
Phasing iteration 2:           3 seconds
Phasing iteration 3:           3 seconds
Phasing iteration 4:           3 seconds
Phasing iteration 5:           3 seconds
Phasing iteration 6:           3 seconds
Phasing iteration 7:           3 seconds
Phasing iteration 8:           3 seconds
Phasing iteration 9:           3 seconds
Phasing iteration 10:          3 seconds
Phasing iteration 11:          3 seconds
Phasing iteration 12:          3 seconds

Imputation time:               15 seconds

Window 4 (8:97243118-133963114)
Reference markers:     395,484
Study markers:          19,845

Burnin  iteration 1:           3 seconds
Burnin  iteration 2:           3 seconds
Burnin  iteration 3:           3 seconds
Burnin  iteration 4:           3 seconds
Burnin  iteration 5:           4 seconds
Burnin  iteration 6:           4 seconds

Phasing iteration 1:           3 seconds
Phasing iteration 2:           3 seconds
Phasing iteration 3:           3 seconds
Phasing iteration 4:           3 seconds
Phasing iteration 5:           3 seconds
Phasing iteration 6:           3 seconds
Phasing iteration 7:           3 seconds
Phasing iteration 8:           3 seconds
Phasing iteration 9:           3 seconds
Phasing iteration 10:          3 seconds
Phasing iteration 11:          2 seconds
Phasing iteration 12:          2 seconds

Imputation time:               16 seconds

Window 5 (8:130704649-146303788)
Reference markers:     191,673
Study markers:          10,535

Burnin  iteration 1:           1 second
Burnin  iteration 2:           2 seconds
Burnin  iteration 3:           1 second
Burnin  iteration 4:           1 second
Burnin  iteration 5:           2 seconds
Burnin  iteration 6:           2 seconds

Phasing iteration 1:           1 second
Phasing iteration 2:           1 second
Phasing iteration 3:           1 second
Phasing iteration 4:           1 second
Phasing iteration 5:           1 second
Phasing iteration 6:           1 second
Phasing iteration 7:           1 second
Phasing iteration 8:           1 second
Phasing iteration 9:           1 second
Phasing iteration 10:          1 second
Phasing iteration 11:          1 second
Phasing iteration 12:          1 second

Imputation time:               7 seconds

Cumulative Statistics:

Reference markers:   1,722,793
Study markers:          86,333

Haplotype phasing time:        4 minutes 15 seconds
Imputation time:               7 seconds
Total time:                    5 minutes 39 seconds

End time: 11:12 PM CDT on 13 Jun 2019
beagle.16May19.351.jar finished
