beagle.16May19.351.jar (version 5.0)
Copyright (C) 2014-2018 Brian L. Browning
Enter "java -jar beagle.16May19.351.jar" to list command line argument
Start time: 11:22 PM CDT on 13 Jun 2019

Command line: java -Xmx29127m -jar beagle.16May19.351.jar
  gt=All_samples_Exome_QC.temp.vcf.recode.clean.chr11.vcf.recode.vcf
  ref=/home/guosa/hpc/db/hg19/beagle/EUR/chr11.1kg.phase3.v5a.EUR.vcf.gz
  map=/home/guosa/hpc/db/hg19/beagle/plink.chr11.GRCh37.map
  out=All_samples_Exome_QC.chr11.vcf

Reference samples:         503
Study samples:             256

Window 1 (11:61395-22688180)
Reference markers:     276,240
Study markers:          15,547

Burnin  iteration 1:           6 seconds
Burnin  iteration 2:           5 seconds
Burnin  iteration 3:           3 seconds
Burnin  iteration 4:           3 seconds
Burnin  iteration 5:           3 seconds
Burnin  iteration 6:           3 seconds

Phasing iteration 1:           2 seconds
Phasing iteration 2:           3 seconds
Phasing iteration 3:           2 seconds
Phasing iteration 4:           2 seconds
Phasing iteration 5:           2 seconds
Phasing iteration 6:           3 seconds
Phasing iteration 7:           2 seconds
Phasing iteration 8:           2 seconds
Phasing iteration 9:           2 seconds
Phasing iteration 10:          2 seconds
Phasing iteration 11:          2 seconds
Phasing iteration 12:          2 seconds

Imputation time:               14 seconds

Window 2 (11:20687547-69715453)
Reference markers:     526,693
Study markers:          22,400

Burnin  iteration 1:           3 seconds
Burnin  iteration 2:           3 seconds
Burnin  iteration 3:           3 seconds
Burnin  iteration 4:           3 seconds
Burnin  iteration 5:           4 seconds
Burnin  iteration 6:           5 seconds

Phasing iteration 1:           4 seconds
Phasing iteration 2:           3 seconds
Phasing iteration 3:           3 seconds
Phasing iteration 4:           3 seconds
Phasing iteration 5:           3 seconds
Phasing iteration 6:           3 seconds
Phasing iteration 7:           3 seconds
Phasing iteration 8:           3 seconds
Phasing iteration 9:           3 seconds
Phasing iteration 10:          3 seconds
Phasing iteration 11:          3 seconds
Phasing iteration 12:          3 seconds

Imputation time:               14 seconds

Window 3 (11:64503363-107844498)
Reference markers:     491,667
Study markers:          26,652

Burnin  iteration 1:           4 seconds
Burnin  iteration 2:           4 seconds
Burnin  iteration 3:           4 seconds
Burnin  iteration 4:           4 seconds
Burnin  iteration 5:           6 seconds
Burnin  iteration 6:           5 seconds

Phasing iteration 1:           4 seconds
Phasing iteration 2:           4 seconds
Phasing iteration 3:           4 seconds
Phasing iteration 4:           4 seconds
Phasing iteration 5:           4 seconds
Phasing iteration 6:           4 seconds
Phasing iteration 7:           4 seconds
Phasing iteration 8:           4 seconds
Phasing iteration 9:           4 seconds
Phasing iteration 10:          4 seconds
Phasing iteration 11:          4 seconds
Phasing iteration 12:          4 seconds

Imputation time:               15 seconds

Window 4 (11:102717641-130697294)
Reference markers:     308,903
Study markers:          17,388

Burnin  iteration 1:           3 seconds
Burnin  iteration 2:           3 seconds
Burnin  iteration 3:           3 seconds
Burnin  iteration 4:           3 seconds
Burnin  iteration 5:           4 seconds
Burnin  iteration 6:           3 seconds

Phasing iteration 1:           3 seconds
Phasing iteration 2:           3 seconds
Phasing iteration 3:           2 seconds
Phasing iteration 4:           3 seconds
Phasing iteration 5:           2 seconds
Phasing iteration 6:           3 seconds
Phasing iteration 7:           2 seconds
Phasing iteration 8:           2 seconds
Phasing iteration 9:           2 seconds
Phasing iteration 10:          2 seconds
Phasing iteration 11:          2 seconds
Phasing iteration 12:          2 seconds

Imputation time:               12 seconds

Window 5 (11:128730955-134946451)
Reference markers:      77,556
Study markers:           5,128

Burnin  iteration 1:           1 second
Burnin  iteration 2:           1 second
Burnin  iteration 3:           1 second
Burnin  iteration 4:           1 second
Burnin  iteration 5:           1 second
Burnin  iteration 6:           1 second

Phasing iteration 1:           1 second
Phasing iteration 2:           1 second
Phasing iteration 3:           1 second
Phasing iteration 4:           1 second
Phasing iteration 5:           1 second
Phasing iteration 6:           1 second
Phasing iteration 7:           1 second
Phasing iteration 8:           1 second
Phasing iteration 9:           1 second
Phasing iteration 10:          1 second
Phasing iteration 11:          1 second
Phasing iteration 12:          1 second

Imputation time:               3 seconds

Cumulative Statistics:

Reference markers:   1,520,309
Study markers:          79,109

Haplotype phasing time:        4 minutes 1 second
Imputation time:               3 seconds
Total time:                    5 minutes 11 seconds

End time: 11:27 PM CDT on 13 Jun 2019
beagle.16May19.351.jar finished
