PLINK v1.90p 64-bit (21 Feb 2018)
Options in effect:
  --allow-no-sex
  --bfile All_samples_Exome_QC
  --ci 0.95
  --covar All_samples_Exome_QC.cov
  --linear mperm=50000
  --maf 0.01
  --mpheno 5
  --out GCC.AD.Z
  --pheno All_samples_Exome_QC.phen
  --remove excludeSample.txt
  --seed 6377474

Hostname: compute-016
Working directory: /mnt/bigdata/Genetic/Projects/shg047/autism/data
Start time: Fri May  4 03:19:45 2018

64508 MB RAM detected; reserving 32254 MB for main workspace.
2650541 variants loaded from .bim file.
256 people (71 males, 0 females, 185 ambiguous) loaded from .fam.
Ambiguous sex IDs written to GCC.AD.Z.nosex .
242 phenotype values present after --pheno.
--remove: 249 people remaining.
Using up to 15 threads (change this with --threads).
--covar: 1 covariate loaded.
14 people had missing value(s).
Before main variant filters, 249 founders and 0 nonfounders present.
Calculating allele frequencies... done.
Warning: 28656 het. haploid genotypes present (see GCC.AD.Z.hh ); many commands
treat these as missing.
Warning: Nonmissing nonmale Y chromosome genotype(s) present; many commands
treat these as missing.
Total genotyping rate in remaining samples is 0.973651.
1031667 variants removed due to minor allele threshold(s)
(--maf/--max-maf/--mac/--max-mac).
1618874 variants and 249 people pass filters and QC.
Phenotype data is quantitative.
Writing linear model association results to GCC.AD.Z.assoc.linear ... done.
50000 max(T) permutations complete.
Permutation test report written to GCC.AD.Z.assoc.linear.mperm .

End time: Mon May  7 04:00:40 2018
