PLINK v1.90p 64-bit (21 Feb 2018)
Options in effect:
  --allow-no-sex
  --bfile All_samples_Exome_QC
  --ci 0.95
  --covar All_samples_Exome_QC.cov
  --keep control.ind
  --linear mperm=50000
  --maf 0.01
  --mpheno 6
  --out BCC.FA.Z.nonage
  --pheno All_samples_Exome_QC.phen
  --seed 6377474

Hostname: compute-007
Working directory: /mnt/bigdata/Genetic/Projects/shg047/autism/data/controlonly
Start time: Tue May  1 01:17:00 2018

64508 MB RAM detected; reserving 32254 MB for main workspace.
2650541 variants loaded from .bim file.
256 people (71 males, 0 females, 185 ambiguous) loaded from .fam.
Ambiguous sex IDs written to BCC.FA.Z.nonage.nosex .
242 phenotype values present after --pheno.
--keep: 105 people remaining.
Using up to 15 threads (change this with --threads).
--covar: 1 covariate loaded.
Before main variant filters, 105 founders and 0 nonfounders present.
Calculating allele frequencies... done.
Warning: 8762 het. haploid genotypes present (see BCC.FA.Z.nonage.hh ); many
commands treat these as missing.
Warning: Nonmissing nonmale Y chromosome genotype(s) present; many commands
treat these as missing.
Total genotyping rate in remaining samples is 0.970205.
1023861 variants removed due to minor allele threshold(s)
(--maf/--max-maf/--mac/--max-mac).
1626680 variants and 105 people pass filters and QC.
Phenotype data is quantitative.
Writing linear model association results to BCC.FA.Z.nonage.assoc.linear ...
done.
50000 max(T) permutations complete.
Permutation test report written to BCC.FA.Z.nonage.assoc.linear.mperm .

End time: Wed May  2 11:29:58 2018
